########### array before sorts ###########
0	0.635000	38.481000	35.433000	38.481000	n
1	0.635000	92.202000	0.635000	38.481000	n
2	0.635000	92.202000	35.433000	92.202000	n
3	35.433000	92.202000	35.433000	38.481000	n
Tolerance=0.050000.
*Exact match for i=0 and j=3.
*i point 0.635000	38.481000	35.433000	38.481000	y
	*Before flip 	35.433000	92.202000	35.433000	38.481000	y
	*After flip 	35.433000	38.481000	35.433000	92.202000	y
*Exact match for i=1 and j=2.
*i point 35.433000	38.481000	35.433000	92.202000	y
	*Before flip 	0.635000	92.202000	35.433000	92.202000	y
	*After flip 	35.433000	92.202000	0.635000	92.202000	y
*Exact match for i=2 and j=3.
*i point 35.433000	92.202000	0.635000	92.202000	y
########### array after sorts ###########
0	0.635000	38.481000	35.433000	38.481000	y
1	35.433000	38.481000	35.433000	92.202000	y
2	35.433000	92.202000	0.635000	92.202000	y
3	0.635000	92.202000	0.635000	38.481000	y
***************
.BOARD_OUTLINE UNOWNED
1.6
0     0.635000     38.481000     0
0     35.433000     38.481000     0
0     35.433000     92.202000     0
0     0.635000     92.202000     0
0     0.635000     38.481000     0
