########### array before sorts ###########
0	-0.193200	-0.330200	90.322400	-0.304800	n
1	90.322400	-0.304800	90.220800	50.317600	n
2	90.220800	50.317600	-0.294800	50.292200	n
3	-0.294800	50.292200	-0.193200	-0.330200	n
Tolerance=0.050000.
*Exact match for i=0 and j=1.
*i point -0.193200	-0.330200	90.322400	-0.304800	y
*Exact match for i=1 and j=2.
*i point 90.322400	-0.304800	90.220800	50.317600	y
*Exact match for i=2 and j=3.
*i point 90.220800	50.317600	-0.294800	50.292200	y
########### array after sorts ###########
0	-0.193200	-0.330200	90.322400	-0.304800	y
1	90.322400	-0.304800	90.220800	50.317600	y
2	90.220800	50.317600	-0.294800	50.292200	y
3	-0.294800	50.292200	-0.193200	-0.330200	y
***************
.BOARD_OUTLINE UNOWNED
0.8
0     -0.193200     -0.330200     0
0     90.322400     -0.304800     0
0     90.220800     50.317600     0
0     -0.294800     50.292200     0
0     -0.193200     -0.330200     0
